<?xml version="1.0" encoding="UTF-8"?>
<testng-results ignored="0" total="2" passed="2" failed="0" skipped="0">
  <reporter-output>
  </reporter-output>
  <suite started-at="2023-11-14T20:59:26 IST" name="Default suite" finished-at="2023-11-14T20:59:51 IST" duration-ms="25739">
    <groups>
    </groups>
    <test started-at="2023-11-14T20:59:26 IST" name="Default test" finished-at="2023-11-14T20:59:51 IST" duration-ms="25739">
      <class name="TestNg.Test1">
        <test-method is-config="true" signature="setup()[pri:0, instance:TestNg.Test1@179ece50]" started-at="2023-11-14T20:59:26 IST" name="setup" finished-at="2023-11-14T20:59:28 IST" duration-ms="1884" status="PASS">
          <reporter-output>
          </reporter-output>
        </test-method> <!-- setup -->
        <test-method signature="test2()[pri:0, instance:TestNg.Test1@179ece50]" started-at="2023-11-14T20:59:28 IST" name="test2" finished-at="2023-11-14T20:59:32 IST" duration-ms="4721" status="PASS">
          <reporter-output>
          </reporter-output>
        </test-method> <!-- test2 -->
        <test-method is-config="true" signature="setup()[pri:0, instance:TestNg.Test1@179ece50]" started-at="2023-11-14T20:59:32 IST" name="setup" finished-at="2023-11-14T20:59:33 IST" duration-ms="826" status="PASS">
          <reporter-output>
          </reporter-output>
        </test-method> <!-- setup -->
        <test-method signature="test3()[pri:0, instance:TestNg.Test1@179ece50]" started-at="2023-11-14T20:59:33 IST" name="test3" finished-at="2023-11-14T20:59:51 IST" duration-ms="18271" status="PASS">
          <reporter-output>
          </reporter-output>
        </test-method> <!-- test3 -->
      </class> <!-- TestNg.Test1 -->
    </test> <!-- Default test -->
  </suite> <!-- Default suite -->
</testng-results>
